<?xml version="1.0" encoding="UTF-8"?>
<testng-results skipped="0" failed="0" total="1" passed="1">
  <reporter-output>
  </reporter-output>
  <suite name="FirstGitTest" duration-ms="60827" started-at="2020-01-09T11:28:22Z" finished-at="2020-01-09T11:29:22Z">
    <groups>
    </groups>
    <test name="FirstGitTest" duration-ms="60827" started-at="2020-01-09T11:28:22Z" finished-at="2020-01-09T11:29:22Z">
      <class name="GitTest.FirstGitTest">
        <test-method status="PASS" signature="loginTest()[pri:0, instance:GitTest.FirstGitTest@2ff4f00f]" name="loginTest" duration-ms="60786" started-at="2020-01-09T16:58:22Z" finished-at="2020-01-09T16:59:22Z">
          <reporter-output>
          </reporter-output>
        </test-method> <!-- loginTest -->
      </class> <!-- GitTest.FirstGitTest -->
    </test> <!-- FirstGitTest -->
  </suite> <!-- FirstGitTest -->
</testng-results>
